<?xml version="1.0" encoding="UTF-8"?>
<!-- Generated by org.testng.reporters.JUnitReportReporter -->
<testsuite hostname="DESKTOP-MIGUEL" failures="0" tests="35" name="EjemploVehiculoTest" time="0.242" errors="0" timestamp="2021-09-11T03:26:01 PET" skipped="0">
  <testcase classname="EjemploVehiculoTest" name="StressTest01" time="0.025"/>
  <system-out/>
  <testcase classname="EjemploVehiculoTest" name="StressTest02" time="0.000"/>
  <system-out/>
  <testcase classname="EjemploVehiculoTest" name="test03" time="0.001"/>
  <system-out/>
  <testcase classname="EjemploVehiculoTest" name="test14" time="0.000"/>
  <system-out/>
  <testcase classname="EjemploVehiculoTest" name="test05" time="0.000"/>
  <system-out/>
  <testcase classname="EjemploVehiculoTest" name="StressTest02" time="0.001"/>
  <system-out/>
  <testcase classname="EjemploVehiculoTest" name="StressTest01" time="0.023"/>
  <system-out/>
  <testcase classname="EjemploVehiculoTest" name="test08" time="0.001"/>
  <system-out/>
  <testcase classname="EjemploVehiculoTest" name="StressTest01" time="0.022"/>
  <system-out/>
  <testcase classname="EjemploVehiculoTest" name="StressTest02" time="0.000"/>
  <system-out/>
  <testcase classname="EjemploVehiculoTest" name="StressTest02" time="0.001"/>
  <system-out/>
  <testcase classname="EjemploVehiculoTest" name="StressTest01" time="0.023"/>
  <system-out/>
  <testcase classname="EjemploVehiculoTest" name="StressTest01" time="0.023"/>
  <system-out/>
  <testcase classname="EjemploVehiculoTest" name="test02" time="0.000"/>
  <system-out/>
  <testcase classname="EjemploVehiculoTest" name="test13" time="0.000"/>
  <system-out/>
  <testcase classname="EjemploVehiculoTest" name="test06" time="0.000"/>
  <system-out/>
  <testcase classname="EjemploVehiculoTest" name="StressTest01" time="0.023"/>
  <system-out/>
  <testcase classname="EjemploVehiculoTest" name="test10" time="0.001"/>
  <system-out/>
  <testcase classname="EjemploVehiculoTest" name="StressTest02" time="0.000"/>
  <system-out/>
  <testcase classname="EjemploVehiculoTest" name="StressTest02" time="0.001"/>
  <system-out/>
  <testcase classname="EjemploVehiculoTest" name="StressTest01" time="0.025"/>
  <system-out/>
  <testcase classname="EjemploVehiculoTest" name="StressTest01" time="0.023"/>
  <system-out/>
  <testcase classname="EjemploVehiculoTest" name="StressTest02" time="0.000"/>
  <system-out/>
  <testcase classname="EjemploVehiculoTest" name="test09" time="0.001"/>
  <system-out/>
  <testcase classname="EjemploVehiculoTest" name="test15" time="0.000"/>
  <system-out/>
  <testcase classname="EjemploVehiculoTest" name="test01" time="0.001"/>
  <system-out/>
  <testcase classname="EjemploVehiculoTest" name="test11" time="0.000"/>
  <system-out/>
  <testcase classname="EjemploVehiculoTest" name="StressTest02" time="0.000"/>
  <system-out/>
  <testcase classname="EjemploVehiculoTest" name="test12" time="0.000"/>
  <system-out/>
  <testcase classname="EjemploVehiculoTest" name="test04" time="0.000"/>
  <system-out/>
  <testcase classname="EjemploVehiculoTest" name="test07" time="0.000"/>
  <system-out/>
  <testcase classname="EjemploVehiculoTest" name="StressTest01" time="0.024"/>
  <system-out/>
  <testcase classname="EjemploVehiculoTest" name="StressTest02" time="0.000"/>
  <system-out/>
  <testcase classname="EjemploVehiculoTest" name="StressTest01" time="0.023"/>
  <system-out/>
  <testcase classname="EjemploVehiculoTest" name="StressTest02" time="0.000"/>
  <system-out/>
</testsuite> <!-- EjemploVehiculoTest -->
