<?xml version="1.0" encoding="UTF-8"?>
<!-- Generated by org.testng.reporters.JUnitReportReporter -->
<testsuite hostname="DESKTOP-MIGUEL" failures="0" tests="10" name="EjemploVehiculoTest" time="0.040" errors="0" timestamp="2021-09-11T02:07:18 PET" skipped="0">
  <testcase classname="EjemploVehiculoTest" name="test03" time="0.002"/>
  <system-out/>
  <testcase classname="EjemploVehiculoTest" name="test04" time="0.001"/>
  <system-out/>
  <testcase classname="EjemploVehiculoTest" name="test10" time="0.000"/>
  <system-out/>
  <testcase classname="EjemploVehiculoTest" name="test07" time="0.002"/>
  <system-out/>
  <testcase classname="EjemploVehiculoTest" name="test01" time="0.031"/>
  <system-out/>
  <testcase classname="EjemploVehiculoTest" name="test02" time="0.003"/>
  <system-out/>
  <testcase classname="EjemploVehiculoTest" name="test05" time="0.001"/>
  <system-out/>
  <testcase classname="EjemploVehiculoTest" name="test09" time="0.000"/>
  <system-out/>
  <testcase classname="EjemploVehiculoTest" name="test06" time="0.000"/>
  <system-out/>
  <testcase classname="EjemploVehiculoTest" name="test08" time="0.000"/>
  <system-out/>
</testsuite> <!-- EjemploVehiculoTest -->
