<?xml version="1.0" encoding="UTF-8"?>
<!-- Generated by org.testng.reporters.JUnitReportReporter -->
<testsuite hostname="DESKTOP-MIGUEL" failures="0" tests="2" name="EjemploVehiculoTest" time="0.023" errors="0" timestamp="2021-09-09T22:02:53 PET" skipped="0">
  <testcase classname="EjemploVehiculoTest" name="test02" time="0.003"/>
  <system-out/>
  <testcase classname="EjemploVehiculoTest" name="test01" time="0.020"/>
  <system-out/>
</testsuite> <!-- EjemploVehiculoTest -->
